<?xml version="1.0" encoding="UTF-8"?>
<!-- Generated by org.testng.reporters.JUnitReportReporter -->
<testsuite skipped="15" hostname="QTLSYS2-238" name="pack.AA_TN_LOC" tests="17" failures="0" timestamp="17 Jul 2019 06:38:32 GMT" time="37.416" errors="2">
  <testcase name="getResult" time="0.041" classname="pack.AA_TN_LOC">
    <error type="org.openqa.selenium.NoSuchWindowException" message="Unable to get browser (WARNING: The server did not provide any stacktrace information)
Command duration or timeout: 0 milliseconds
Build info: version: &#039;3.14.0&#039;, revision: &#039;aacccce0&#039;, time: &#039;2018-08-02T20:19:58.91Z&#039;
System info: host: &#039;QTLSYS2-238&#039;, ip: &#039;192.168.3.29&#039;, os.name: &#039;Windows 7&#039;, os.arch: &#039;amd64&#039;, os.version: &#039;6.1&#039;, java.version: &#039;1.8.0_171&#039;
Driver info: org.openqa.selenium.ie.InternetExplorerDriver
Capabilities {browserAttachTimeout: 0, browserName: internet explorer, cssSelectorsEnabled: true, elementScrollBehavior: 0, enableElementCacheCleanup: true, enablePersistentHover: true, handlesAlerts: true, ie.browserCommandLineSwitches: , ie.ensureCleanSession: false, ie.forceCreateProcessApi: false, ie.usePerProcessProxy: false, ignoreProtectedModeSettings: false, ignoreZoomSetting: false, initialBrowserUrl: http://localhost:22094/, javascriptEnabled: true, nativeEvents: true, platform: WINDOWS, platformName: WINDOWS, requireWindowFocus: false, takesScreenshot: true, unexpectedAlertBehaviour: dismiss, unhandledPromptBehavior: dismiss, version: 11}
Session ID: e24a94f3-7bef-4f26-9e38-857dd1dff38d">
      <![CDATA[org.openqa.selenium.NoSuchWindowException: Unable to get browser (WARNING: The server did not provide any stacktrace information)
Command duration or timeout: 0 milliseconds
Build info: version: '3.14.0', revision: 'aacccce0', time: '2018-08-02T20:19:58.91Z'
System info: host: 'QTLSYS2-238', ip: '192.168.3.29', os.name: 'Windows 7', os.arch: 'amd64', os.version: '6.1', java.version: '1.8.0_171'
Driver info: org.openqa.selenium.ie.InternetExplorerDriver
Capabilities {browserAttachTimeout: 0, browserName: internet explorer, cssSelectorsEnabled: true, elementScrollBehavior: 0, enableElementCacheCleanup: true, enablePersistentHover: true, handlesAlerts: true, ie.browserCommandLineSwitches: , ie.ensureCleanSession: false, ie.forceCreateProcessApi: false, ie.usePerProcessProxy: false, ignoreProtectedModeSettings: false, ignoreZoomSetting: false, initialBrowserUrl: http://localhost:22094/, javascriptEnabled: true, nativeEvents: true, platform: WINDOWS, platformName: WINDOWS, requireWindowFocus: false, takesScreenshot: true, unexpectedAlertBehaviour: dismiss, unhandledPromptBehavior: dismiss, version: 11}
Session ID: e24a94f3-7bef-4f26-9e38-857dd1dff38d
at sun.reflect.NativeConstructorAccessorImpl.newInstance0(Native Method)
at sun.reflect.NativeConstructorAccessorImpl.newInstance(Unknown Source)
at sun.reflect.DelegatingConstructorAccessorImpl.newInstance(Unknown Source)
at java.lang.reflect.Constructor.newInstance(Unknown Source)
at org.openqa.selenium.remote.ErrorHandler.createThrowable(ErrorHandler.java:214)
at org.openqa.selenium.remote.ErrorHandler.throwIfResponseFailed(ErrorHandler.java:166)
at org.openqa.selenium.remote.http.JsonHttpResponseCodec.reconstructValue(JsonHttpResponseCodec.java:40)
at org.openqa.selenium.remote.http.AbstractHttpResponseCodec.decode(AbstractHttpResponseCodec.java:80)
at org.openqa.selenium.remote.http.AbstractHttpResponseCodec.decode(AbstractHttpResponseCodec.java:44)
at org.openqa.selenium.remote.HttpCommandExecutor.execute(HttpCommandExecutor.java:158)
at org.openqa.selenium.remote.service.DriverCommandExecutor.execute(DriverCommandExecutor.java:83)
at org.openqa.selenium.remote.RemoteWebDriver.execute(RemoteWebDriver.java:548)
at org.openqa.selenium.remote.RemoteWebDriver.execute(RemoteWebDriver.java:605)
at org.openqa.selenium.remote.RemoteWebDriver.getScreenshotAs(RemoteWebDriver.java:294)
at pack.AA_TN_LOC.getScreenhot(AA_TN_LOC.java:13196)
at pack.AA_TN_LOC.getResult(AA_TN_LOC.java:13177)
at sun.reflect.NativeMethodAccessorImpl.invoke0(Native Method)
at sun.reflect.NativeMethodAccessorImpl.invoke(Unknown Source)
at sun.reflect.DelegatingMethodAccessorImpl.invoke(Unknown Source)
at java.lang.reflect.Method.invoke(Unknown Source)
at org.testng.internal.MethodInvocationHelper.invokeMethod(MethodInvocationHelper.java:124)
at org.testng.internal.MethodInvocationHelper.invokeMethodConsideringTimeout(MethodInvocationHelper.java:59)
at org.testng.internal.Invoker.invokeConfigurationMethod(Invoker.java:458)
at org.testng.internal.Invoker.invokeConfigurations(Invoker.java:222)
at org.testng.internal.Invoker.invokeMethod(Invoker.java:646)
at org.testng.internal.Invoker.invokeTestMethod(Invoker.java:719)
at org.testng.internal.Invoker.invokeTestMethods(Invoker.java:989)
at org.testng.internal.TestMethodWorker.invokeTestMethods(TestMethodWorker.java:125)
at org.testng.internal.TestMethodWorker.run(TestMethodWorker.java:109)
at org.testng.TestRunner.privateRun(TestRunner.java:648)
at org.testng.TestRunner.run(TestRunner.java:505)
at org.testng.SuiteRunner.runTest(SuiteRunner.java:455)
at org.testng.SuiteRunner.runSequentially(SuiteRunner.java:450)
at org.testng.SuiteRunner.privateRun(SuiteRunner.java:415)
at org.testng.SuiteRunner.run(SuiteRunner.java:364)
at org.testng.SuiteRunnerWorker.runSuite(SuiteRunnerWorker.java:52)
at org.testng.SuiteRunnerWorker.run(SuiteRunnerWorker.java:84)
at org.testng.TestNG.runSuitesSequentially(TestNG.java:1208)
at org.testng.TestNG.runSuitesLocally(TestNG.java:1137)
at org.testng.TestNG.runSuites(TestNG.java:1049)
at org.testng.TestNG.run(TestNG.java:1017)
at org.testng.remote.AbstractRemoteTestNG.run(AbstractRemoteTestNG.java:114)
at org.testng.remote.RemoteTestNG.initAndRun(RemoteTestNG.java:251)
at org.testng.remote.RemoteTestNG.main(RemoteTestNG.java:77)
]]>
    </error>
  </testcase> <!-- getResult -->
  <testcase name="LOCInit_Draw_Stmt_DLQ_Cure_DFLT_RCCSchedule_DepositlastInst_ClearLastInst_ReturnLastInst_" time="36.926" classname="pack.AA_TN_LOC">
    <error type="org.openqa.selenium.WebDriverException" message="Finding elements with css selector == frame[name=&#039;topFrame&#039;],iframe[name=&#039;topFrame&#039;]returned an unexpected error (WARNING: The server did not provide any stacktrace information)
Command duration or timeout: 0 milliseconds
Build info: version: &#039;3.14.0&#039;, revision: &#039;aacccce0&#039;, time: &#039;2018-08-02T20:19:58.91Z&#039;
System info: host: &#039;QTLSYS2-238&#039;, ip: &#039;192.168.3.29&#039;, os.name: &#039;Windows 7&#039;, os.arch: &#039;amd64&#039;, os.version: &#039;6.1&#039;, java.version: &#039;1.8.0_171&#039;
Driver info: org.openqa.selenium.ie.InternetExplorerDriver
Capabilities {browserAttachTimeout: 0, browserName: internet explorer, cssSelectorsEnabled: true, elementScrollBehavior: 0, enableElementCacheCleanup: true, enablePersistentHover: true, handlesAlerts: true, ie.browserCommandLineSwitches: , ie.ensureCleanSession: false, ie.forceCreateProcessApi: false, ie.usePerProcessProxy: false, ignoreProtectedModeSettings: false, ignoreZoomSetting: false, initialBrowserUrl: http://localhost:22094/, javascriptEnabled: true, nativeEvents: true, platform: WINDOWS, platformName: WINDOWS, requireWindowFocus: false, takesScreenshot: true, unexpectedAlertBehaviour: dismiss, unhandledPromptBehavior: dismiss, version: 11}
Session ID: e24a94f3-7bef-4f26-9e38-857dd1dff38d
*** Element info: {Using=css selector, value=frame[name=&#039;topFrame&#039;],iframe[name=&#039;topFrame&#039;]}">
      <![CDATA[org.openqa.selenium.WebDriverException: Finding elements with css selector == frame[name='topFrame'],iframe[name='topFrame']returned an unexpected error (WARNING: The server did not provide any stacktrace information)
Command duration or timeout: 0 milliseconds
Build info: version: '3.14.0', revision: 'aacccce0', time: '2018-08-02T20:19:58.91Z'
System info: host: 'QTLSYS2-238', ip: '192.168.3.29', os.name: 'Windows 7', os.arch: 'amd64', os.version: '6.1', java.version: '1.8.0_171'
Driver info: org.openqa.selenium.ie.InternetExplorerDriver
Capabilities {browserAttachTimeout: 0, browserName: internet explorer, cssSelectorsEnabled: true, elementScrollBehavior: 0, enableElementCacheCleanup: true, enablePersistentHover: true, handlesAlerts: true, ie.browserCommandLineSwitches: , ie.ensureCleanSession: false, ie.forceCreateProcessApi: false, ie.usePerProcessProxy: false, ignoreProtectedModeSettings: false, ignoreZoomSetting: false, initialBrowserUrl: http://localhost:22094/, javascriptEnabled: true, nativeEvents: true, platform: WINDOWS, platformName: WINDOWS, requireWindowFocus: false, takesScreenshot: true, unexpectedAlertBehaviour: dismiss, unhandledPromptBehavior: dismiss, version: 11}
Session ID: e24a94f3-7bef-4f26-9e38-857dd1dff38d
*** Element info: {Using=css selector, value=frame[name='topFrame'],iframe[name='topFrame']}
at sun.reflect.NativeConstructorAccessorImpl.newInstance0(Native Method)
at sun.reflect.NativeConstructorAccessorImpl.newInstance(Unknown Source)
at sun.reflect.DelegatingConstructorAccessorImpl.newInstance(Unknown Source)
at java.lang.reflect.Constructor.newInstance(Unknown Source)
at org.openqa.selenium.remote.ErrorHandler.createThrowable(ErrorHandler.java:214)
at org.openqa.selenium.remote.ErrorHandler.throwIfResponseFailed(ErrorHandler.java:166)
at org.openqa.selenium.remote.http.JsonHttpResponseCodec.reconstructValue(JsonHttpResponseCodec.java:40)
at org.openqa.selenium.remote.http.AbstractHttpResponseCodec.decode(AbstractHttpResponseCodec.java:80)
at org.openqa.selenium.remote.http.AbstractHttpResponseCodec.decode(AbstractHttpResponseCodec.java:44)
at org.openqa.selenium.remote.HttpCommandExecutor.execute(HttpCommandExecutor.java:158)
at org.openqa.selenium.remote.service.DriverCommandExecutor.execute(DriverCommandExecutor.java:83)
at org.openqa.selenium.remote.RemoteWebDriver.execute(RemoteWebDriver.java:548)
at org.openqa.selenium.remote.RemoteWebDriver.findElements(RemoteWebDriver.java:349)
at org.openqa.selenium.remote.RemoteWebDriver.findElementsByCssSelector(RemoteWebDriver.java:420)
at org.openqa.selenium.By$ByCssSelector.findElements(By.java:441)
at org.openqa.selenium.remote.RemoteWebDriver.findElements(RemoteWebDriver.java:310)
at org.openqa.selenium.remote.RemoteWebDriver$RemoteTargetLocator.frame(RemoteWebDriver.java:874)
at pack.BorrowerRegistrationpage.RegistrationPage_NewLoan_LOC(BorrowerRegistrationpage.java:3219)
at pack.AA_TN_LOC.LOCInit_Draw_Stmt_DLQ_Cure_DFLT_RCCSchedule_DepositlastInst_ClearLastInst_ReturnLastInst_(AA_TN_LOC.java:10571)
at sun.reflect.NativeMethodAccessorImpl.invoke0(Native Method)
at sun.reflect.NativeMethodAccessorImpl.invoke(Unknown Source)
at sun.reflect.DelegatingMethodAccessorImpl.invoke(Unknown Source)
at java.lang.reflect.Method.invoke(Unknown Source)
at org.testng.internal.MethodInvocationHelper.invokeMethod(MethodInvocationHelper.java:124)
at org.testng.internal.Invoker.invokeMethod(Invoker.java:583)
at org.testng.internal.Invoker.invokeTestMethod(Invoker.java:719)
at org.testng.internal.Invoker.invokeTestMethods(Invoker.java:989)
at org.testng.internal.TestMethodWorker.invokeTestMethods(TestMethodWorker.java:125)
at org.testng.internal.TestMethodWorker.run(TestMethodWorker.java:109)
at org.testng.TestRunner.privateRun(TestRunner.java:648)
at org.testng.TestRunner.run(TestRunner.java:505)
at org.testng.SuiteRunner.runTest(SuiteRunner.java:455)
at org.testng.SuiteRunner.runSequentially(SuiteRunner.java:450)
at org.testng.SuiteRunner.privateRun(SuiteRunner.java:415)
at org.testng.SuiteRunner.run(SuiteRunner.java:364)
at org.testng.SuiteRunnerWorker.runSuite(SuiteRunnerWorker.java:52)
at org.testng.SuiteRunnerWorker.run(SuiteRunnerWorker.java:84)
at org.testng.TestNG.runSuitesSequentially(TestNG.java:1208)
at org.testng.TestNG.runSuitesLocally(TestNG.java:1137)
at org.testng.TestNG.runSuites(TestNG.java:1049)
at org.testng.TestNG.run(TestNG.java:1017)
at org.testng.remote.AbstractRemoteTestNG.run(AbstractRemoteTestNG.java:114)
at org.testng.remote.RemoteTestNG.initAndRun(RemoteTestNG.java:251)
at org.testng.remote.RemoteTestNG.main(RemoteTestNG.java:77)
]]>
    </error>
  </testcase> <!-- LOCInit_Draw_Stmt_DLQ_Cure_DFLT_RCCSchedule_DepositlastInst_ClearLastInst_ReturnLastInst_ -->
  <testcase name="LOCInit_Draw_Stmt_delinquent_Cure_Default_RCCschedulewith2Inst_1stInstDeposit_Clear_2ndDFLTPmt_" time="0.196" classname="pack.AA_TN_LOC">
    <skipped/>
  </testcase> <!-- LOCInit_Draw_Stmt_delinquent_Cure_Default_RCCschedulewith2Inst_1stInstDeposit_Clear_2ndDFLTPmt_ -->
  <testcase name="LOCI_Draw_stmt_DLQ_Cure_DFLT_GenerateRCC_ACTM_ACTMEnd_EODbeforeDueDate_Sc277" time="0.019" classname="pack.AA_TN_LOC">
    <skipped/>
  </testcase> <!-- LOCI_Draw_stmt_DLQ_Cure_DFLT_GenerateRCC_ACTM_ACTMEnd_EODbeforeDueDate_Sc277 -->
  <testcase name="LOCI_Draw_stmt_DLQ_Cure_DFLT_GenerateRCC_ACTM_ACTMEnd_EODonDueDate_Sc278" time="0.028" classname="pack.AA_TN_LOC">
    <skipped/>
  </testcase> <!-- LOCI_Draw_stmt_DLQ_Cure_DFLT_GenerateRCC_ACTM_ACTMEnd_EODonDueDate_Sc278 -->
  <testcase name="DFLTcustomer_RCC7_RCCSchedule__lastinstdeposit_Bnkruptwithoutclear_Sc280" time="0.027" classname="pack.AA_TN_LOC">
    <skipped/>
  </testcase> <!-- DFLTcustomer_RCC7_RCCSchedule__lastinstdeposit_Bnkruptwithoutclear_Sc280 -->
  <testcase name="DFLTcustomer_RCC7_RCCSchedule__lastinstdeposit_Bnkruptwithclear_VoidBNK_Sc282" time="0.018" classname="pack.AA_TN_LOC">
    <skipped/>
  </testcase> <!-- DFLTcustomer_RCC7_RCCSchedule__lastinstdeposit_Bnkruptwithclear_VoidBNK_Sc282 -->
  <testcase name="DFLTcustomer_RCC7_RCCSchedule__Bankruptcy_VoidBNK_RCCStatusverification_Sc284" time="0.023" classname="pack.AA_TN_LOC">
    <skipped/>
  </testcase> <!-- DFLTcustomer_RCC7_RCCSchedule__Bankruptcy_VoidBNK_RCCStatusverification_Sc284 -->
  <testcase name="DFLTcustomer_RCC7_RCCSchedule__PendingBankruptcy_VoidPendingBnkrupt_VerifyRCCSchedule_Sc286" time="0.019" classname="pack.AA_TN_LOC">
    <skipped/>
  </testcase> <!-- DFLTcustomer_RCC7_RCCSchedule__PendingBankruptcy_VoidPendingBnkrupt_VerifyRCCSchedule_Sc286 -->
  <testcase name="DeflutLoan__GenerateRcc_PendingBNK_DepositNotBeProcessed" time="0.025" classname="pack.AA_TN_LOC">
    <skipped/>
  </testcase> <!-- DeflutLoan__GenerateRcc_PendingBNK_DepositNotBeProcessed -->
  <testcase name="DeflutLoan__GenerateRcc_PendingBNK_VoidPendingBNK_DepositNotBeProcessed" time="0.018" classname="pack.AA_TN_LOC">
    <skipped/>
  </testcase> <!-- DeflutLoan__GenerateRcc_PendingBNK_VoidPendingBNK_DepositNotBeProcessed -->
  <testcase name="LocI_Draw_Stmt_Deposit_Return_DLQ_Cure_DEF_WO_CheckEligibilityofRCC1" time="0.021" classname="pack.AA_TN_LOC">
    <skipped/>
  </testcase> <!-- LocI_Draw_Stmt_Deposit_Return_DLQ_Cure_DEF_WO_CheckEligibilityofRCC1 -->
  <testcase name="LOCI_Draw_stmt_Deposit_ReturnwithR01_DLQ_Cure_WO_PendingBNK_Deceased_EligibilityRCC_Sc291" time="0.019" classname="pack.AA_TN_LOC">
    <skipped/>
  </testcase> <!-- LOCI_Draw_stmt_Deposit_ReturnwithR01_DLQ_Cure_WO_PendingBNK_Deceased_EligibilityRCC_Sc291 -->
  <testcase name="LOCInit_Draw_Stmt_Dep_ReturnR01andR09_DLQT_Cure_ACHRevoke_WO_CheckRCC_" time="0.018" classname="pack.AA_TN_LOC">
    <skipped/>
  </testcase> <!-- LOCInit_Draw_Stmt_Dep_ReturnR01andR09_DLQT_Cure_ACHRevoke_WO_CheckRCC_ -->
  <testcase name="LOCInit_Draw_Stmt_delinquent_Cure_WO_RCCSchd_WORecoveryfullPmt_RCCSCheduleCancel_" time="0.018" classname="pack.AA_TN_LOC">
    <skipped/>
  </testcase> <!-- LOCInit_Draw_Stmt_delinquent_Cure_WO_RCCSchd_WORecoveryfullPmt_RCCSCheduleCancel_ -->
  <testcase name="LOCInit_Draw_Stmt_delinquent_Cure_WO_RCCSchd_WORecoveryfullPmt_VoidWORecovery_RCCSCheduleRevise_IsLoanRCCN" time="0.000" classname="pack.AA_TN_LOC">
    <skipped/>
  </testcase> <!-- LOCInit_Draw_Stmt_delinquent_Cure_WO_RCCSchd_WORecoveryfullPmt_VoidWORecovery_RCCSCheduleRevise_IsLoanRCCN -->
  <testcase name="LOCI_Draw_Stmt_delinquent_Cure_DFLT_WO_RCCScdl_RCCRev_RCCCancelled_" time="0.000" classname="pack.AA_TN_LOC">
    <skipped/>
  </testcase> <!-- LOCI_Draw_Stmt_delinquent_Cure_DFLT_WO_RCCScdl_RCCRev_RCCCancelled_ -->
</testsuite> <!-- pack.AA_TN_LOC -->
