<?xml version="1.0" encoding="UTF-8"?>
<!-- Generated by org.testng.reporters.JUnitReportReporter -->
<testsuite skipped="0" hostname="qtlsys2-17" name="pack.AA_FL_ILP" tests="7" failures="0" timestamp="19 Jul 2019 13:41:38 GMT" time="7208.796" errors="0">
  <testcase name="DFLTLoan_EPPConvert_PpayAllInst_" time="765.741" classname="pack.AA_FL_ILP"/>
  <testcase name="DFLTLoan_EPPConvert_PpayAllInst_VoidLastInst_" time="674.113" classname="pack.AA_FL_ILP"/>
  <testcase name="Pick_ILP_WriteOff_ConvertEpp_DepositAllinstOnduedate_Clear" time="1842.193" classname="pack.AA_FL_ILP"/>
  <testcase name="Pick_ILP_WriteoffLoan_ConvertEPP_PPayAllInstallementBeforeDueDate_Void" time="719.192" classname="pack.AA_FL_ILP"/>
  <testcase name="LonI_WO_PPN_1stInstpymt_VoidPymt_RunEODbatch35daysfromduedate" time="643.975" classname="pack.AA_FL_ILP"/>
  <testcase name="LonI_DFLT_PPN_BNK_1InstDeposit" time="828.585" classname="pack.AA_FL_ILP"/>
  <testcase name="DFLTLoan_EPPConvert_DepositAll_ClearAll_" time="1734.997" classname="pack.AA_FL_ILP"/>
</testsuite> <!-- pack.AA_FL_ILP -->
