<?xml version="1.0" encoding="UTF-8"?>
<!-- Generated by org.testng.reporters.JUnitReportReporter -->
<testsuite skipped="0" hostname="qtlsys2-17" name="pack.AA_CO_ILP" tests="1" failures="0" timestamp="04 Jul 2019 13:12:36 GMT" time="1093.801" errors="0">
  <testcase name="DFLTLoan_EPPConvert_DepositAll_ClearAll_" time="1093.801" classname="pack.AA_CO_ILP"/>
</testsuite> <!-- pack.AA_CO_ILP -->
