<?xml version="1.0" encoding="UTF-8"?>
<!-- Generated by org.testng.reporters.JUnitReportReporter -->
<testsuite skipped="0" hostname="qtlsys2-17" name="pack.AA_CO_ILP" tests="1" failures="0" timestamp="18 Jul 2019 13:38:06 GMT" time="345.318" errors="0">
  <testcase name="Loan_Bankrupt_Void_" time="345.318" classname="pack.AA_CO_ILP"/>
</testsuite> <!-- pack.AA_CO_ILP -->
