<?xml version="1.0" encoding="UTF-8"?>
<!-- Generated by org.testng.reporters.JUnitReportReporter -->
<testsuite skipped="0" hostname="QTLSYS0-167-pc" name="pack.AA_OH_ILP" tests="1" failures="0" timestamp="28 Aug 2019 08:56:28 GMT" time="645.289" errors="0">
  <testcase name="Loan_1stParPmt_1stDep_Ret_" time="645.289" classname="pack.AA_OH_ILP"/>
</testsuite> <!-- pack.AA_OH_ILP -->
