<?xml version="1.0" encoding="UTF-8"?>
<!-- Generated by org.testng.reporters.JUnitReportReporter -->
<testsuite skipped="22" hostname="QTLSYS2-238" name="pack.AA_OH_ILP" tests="24" failures="0" timestamp="09 Jul 2019 06:07:50 GMT" time="0.625" errors="2">
  <testcase name="getResult" time="0.018" classname="pack.AA_OH_ILP">
    <error type="java.lang.NullPointerException">
      <![CDATA[java.lang.NullPointerException
at pack.AA_OH_ILP.getResult(AA_OH_ILP.java:4811)
at sun.reflect.NativeMethodAccessorImpl.invoke0(Native Method)
at sun.reflect.NativeMethodAccessorImpl.invoke(Unknown Source)
at sun.reflect.DelegatingMethodAccessorImpl.invoke(Unknown Source)
at java.lang.reflect.Method.invoke(Unknown Source)
at org.testng.internal.MethodInvocationHelper.invokeMethod(MethodInvocationHelper.java:124)
at org.testng.internal.MethodInvocationHelper.invokeMethodConsideringTimeout(MethodInvocationHelper.java:59)
at org.testng.internal.Invoker.invokeConfigurationMethod(Invoker.java:458)
at org.testng.internal.Invoker.invokeConfigurations(Invoker.java:222)
at org.testng.internal.Invoker.invokeMethod(Invoker.java:646)
at org.testng.internal.Invoker.invokeTestMethod(Invoker.java:719)
at org.testng.internal.Invoker.invokeTestMethods(Invoker.java:989)
at org.testng.internal.TestMethodWorker.invokeTestMethods(TestMethodWorker.java:125)
at org.testng.internal.TestMethodWorker.run(TestMethodWorker.java:109)
at org.testng.TestRunner.privateRun(TestRunner.java:648)
at org.testng.TestRunner.run(TestRunner.java:505)
at org.testng.SuiteRunner.runTest(SuiteRunner.java:455)
at org.testng.SuiteRunner.runSequentially(SuiteRunner.java:450)
at org.testng.SuiteRunner.privateRun(SuiteRunner.java:415)
at org.testng.SuiteRunner.run(SuiteRunner.java:364)
at org.testng.SuiteRunnerWorker.runSuite(SuiteRunnerWorker.java:52)
at org.testng.SuiteRunnerWorker.run(SuiteRunnerWorker.java:84)
at org.testng.TestNG.runSuitesSequentially(TestNG.java:1208)
at org.testng.TestNG.runSuitesLocally(TestNG.java:1137)
at org.testng.TestNG.runSuites(TestNG.java:1049)
at org.testng.TestNG.run(TestNG.java:1017)
at org.testng.remote.AbstractRemoteTestNG.run(AbstractRemoteTestNG.java:114)
at org.testng.remote.RemoteTestNG.initAndRun(RemoteTestNG.java:251)
at org.testng.remote.RemoteTestNG.main(RemoteTestNG.java:77)
]]>
    </error>
  </testcase> <!-- getResult -->
  <testcase name="CO_ILP_Loan_DefaultPayment" time="0.020" classname="pack.AA_OH_ILP">
    <error type="java.io.FileNotFoundException" message="C:\AA_Batch\AA_ILPnullAA_CO_ILP_Loan_DefaultPayment_Testdata.xls (The system cannot find the file specified)">
      <![CDATA[java.io.FileNotFoundException: C:\AA_Batch\AA_ILPnullAA_CO_ILP_Loan_DefaultPayment_Testdata.xls (The system cannot find the file specified)
at java.io.FileInputStream.open0(Native Method)
at java.io.FileInputStream.open(Unknown Source)
at java.io.FileInputStream.<init>(Unknown Source)
at java.io.FileInputStream.<init>(Unknown Source)
at pack.Excel.<init>(Excel.java:34)
at pack.AA_OH_ILP.CO_ILP_Loan_DefaultPayment(AA_OH_ILP.java:2795)
at sun.reflect.NativeMethodAccessorImpl.invoke0(Native Method)
at sun.reflect.NativeMethodAccessorImpl.invoke(Unknown Source)
at sun.reflect.DelegatingMethodAccessorImpl.invoke(Unknown Source)
at java.lang.reflect.Method.invoke(Unknown Source)
at org.testng.internal.MethodInvocationHelper.invokeMethod(MethodInvocationHelper.java:124)
at org.testng.internal.Invoker.invokeMethod(Invoker.java:583)
at org.testng.internal.Invoker.invokeTestMethod(Invoker.java:719)
at org.testng.internal.Invoker.invokeTestMethods(Invoker.java:989)
at org.testng.internal.TestMethodWorker.invokeTestMethods(TestMethodWorker.java:125)
at org.testng.internal.TestMethodWorker.run(TestMethodWorker.java:109)
at org.testng.TestRunner.privateRun(TestRunner.java:648)
at org.testng.TestRunner.run(TestRunner.java:505)
at org.testng.SuiteRunner.runTest(SuiteRunner.java:455)
at org.testng.SuiteRunner.runSequentially(SuiteRunner.java:450)
at org.testng.SuiteRunner.privateRun(SuiteRunner.java:415)
at org.testng.SuiteRunner.run(SuiteRunner.java:364)
at org.testng.SuiteRunnerWorker.runSuite(SuiteRunnerWorker.java:52)
at org.testng.SuiteRunnerWorker.run(SuiteRunnerWorker.java:84)
at org.testng.TestNG.runSuitesSequentially(TestNG.java:1208)
at org.testng.TestNG.runSuitesLocally(TestNG.java:1137)
at org.testng.TestNG.runSuites(TestNG.java:1049)
at org.testng.TestNG.run(TestNG.java:1017)
at org.testng.remote.AbstractRemoteTestNG.run(AbstractRemoteTestNG.java:114)
at org.testng.remote.RemoteTestNG.initAndRun(RemoteTestNG.java:251)
at org.testng.remote.RemoteTestNG.main(RemoteTestNG.java:77)
]]>
    </error>
  </testcase> <!-- CO_ILP_Loan_DefaultPayment -->
  <testcase name="CO_ILP_Loan_DefaulPartialPayment_Void" time="0.019" classname="pack.AA_OH_ILP">
    <skipped/>
  </testcase> <!-- CO_ILP_Loan_DefaulPartialPayment_Void -->
  <testcase name="CO_ILP_Loan_DefaultPayment_Void" time="0.016" classname="pack.AA_OH_ILP">
    <skipped/>
  </testcase> <!-- CO_ILP_Loan_DefaultPayment_Void -->
  <testcase name="CO_ILP_Loan_DefaulPartialPayment_EncryptionVoid" time="0.017" classname="pack.AA_OH_ILP">
    <skipped/>
  </testcase> <!-- CO_ILP_Loan_DefaulPartialPayment_EncryptionVoid -->
  <testcase name="LonI_DFLT_EODbatchprocess_DFLTPLUS60" time="0.018" classname="pack.AA_OH_ILP">
    <skipped/>
  </testcase> <!-- LonI_DFLT_EODbatchprocess_DFLTPLUS60 -->
  <testcase name="LonI_DFLT_Pymt_15percentofDFLTamt_EODbatchprocess_DFLTPLUS120" time="0.017" classname="pack.AA_OH_ILP">
    <skipped/>
  </testcase> <!-- LonI_DFLT_Pymt_15percentofDFLTamt_EODbatchprocess_DFLTPLUS120 -->
  <testcase name="LonI_DFLT_Pymt_20percentofDFLTamt_EODbatchprocess_DFLTPLUS60" time="0.016" classname="pack.AA_OH_ILP">
    <skipped/>
  </testcase> <!-- LonI_DFLT_Pymt_20percentofDFLTamt_EODbatchprocess_DFLTPLUS60 -->
  <testcase name="Loan_DFLT_30PerDFLTPmt_void_EODBatchProcessDFLTdate60days_" time="0.020" classname="pack.AA_OH_ILP">
    <skipped/>
  </testcase> <!-- Loan_DFLT_30PerDFLTPmt_void_EODBatchProcessDFLTdate60days_ -->
  <testcase name="Loan_DFLT_WO_WORecFullWithAllTenderTypes_" time="0.028" classname="pack.AA_OH_ILP">
    <skipped/>
  </testcase> <!-- Loan_DFLT_WO_WORecFullWithAllTenderTypes_ -->
  <testcase name="Loan_DFLT_WO_WORecPartPmtWithAllTenderTypes_" time="0.053" classname="pack.AA_OH_ILP">
    <skipped/>
  </testcase> <!-- Loan_DFLT_WO_WORecPartPmtWithAllTenderTypes_ -->
  <testcase name="Loan_DFLT_WO_WORecFull_VoidWithAllTenderTypes" time="0.027" classname="pack.AA_OH_ILP">
    <skipped/>
  </testcase> <!-- Loan_DFLT_WO_WORecFull_VoidWithAllTenderTypes -->
  <testcase name="Loan_DFLT_WO_WORecPartPmt_VoidNextDay" time="0.194" classname="pack.AA_OH_ILP">
    <skipped/>
  </testcase> <!-- Loan_DFLT_WO_WORecPartPmt_VoidNextDay -->
  <testcase name="DFLTLoan_EPPConvert_PpayAllInst_" time="0.016" classname="pack.AA_OH_ILP">
    <skipped/>
  </testcase> <!-- DFLTLoan_EPPConvert_PpayAllInst_ -->
  <testcase name="DFLTLoan_EPPConvert_DepositAll_ClearAll_" time="0.016" classname="pack.AA_OH_ILP">
    <skipped/>
  </testcase> <!-- DFLTLoan_EPPConvert_DepositAll_ClearAll_ -->
  <testcase name="DFLTLoan_EPPConvert_PpayAllInst_VoidLastInst_" time="0.020" classname="pack.AA_OH_ILP">
    <skipped/>
  </testcase> <!-- DFLTLoan_EPPConvert_PpayAllInst_VoidLastInst_ -->
  <testcase name="LonI_DFLT_PPN_1stInstpymt_VoidPymt_RunEODbatch35daysfromduedate" time="0.017" classname="pack.AA_OH_ILP">
    <skipped/>
  </testcase> <!-- LonI_DFLT_PPN_1stInstpymt_VoidPymt_RunEODbatch35daysfromduedate -->
  <testcase name="Pick_ILP_WriteoffLoan_ConvertEPP_PPayAllInstallementBeforeDueDate" time="0.018" classname="pack.AA_OH_ILP">
    <skipped/>
  </testcase> <!-- Pick_ILP_WriteoffLoan_ConvertEPP_PPayAllInstallementBeforeDueDate -->
  <testcase name="Pick_ILP_WriteOff_ConvertEpp_DepositAllinstOnduedate_Clear" time="0.017" classname="pack.AA_OH_ILP">
    <skipped/>
  </testcase> <!-- Pick_ILP_WriteOff_ConvertEpp_DepositAllinstOnduedate_Clear -->
  <testcase name="Pick_ILP_WriteoffLoan_ConvertEPP_PPayAllInstallementBeforeDueDate_Void" time="0.026" classname="pack.AA_OH_ILP">
    <skipped/>
  </testcase> <!-- Pick_ILP_WriteoffLoan_ConvertEPP_PPayAllInstallementBeforeDueDate_Void -->
  <testcase name="LonI_WO_PPN_1stInstpymt_VoidPymt_RunEODbatch35daysfromduedate" time="0.016" classname="pack.AA_OH_ILP">
    <skipped/>
  </testcase> <!-- LonI_WO_PPN_1stInstpymt_VoidPymt_RunEODbatch35daysfromduedate -->
  <testcase name="Loan_Bankrupt_Void_" time="0.016" classname="pack.AA_OH_ILP">
    <skipped/>
  </testcase> <!-- Loan_Bankrupt_Void_ -->
  <testcase name="Loan_Bankrupt_" time="0.000" classname="pack.AA_OH_ILP">
    <skipped/>
  </testcase> <!-- Loan_Bankrupt_ -->
  <testcase name="CO_ILP_Loan_BNK_Void" time="0.000" classname="pack.AA_OH_ILP">
    <skipped/>
  </testcase> <!-- CO_ILP_Loan_BNK_Void -->
</testsuite> <!-- pack.AA_OH_ILP -->
