<?xml version="1.0" encoding="UTF-8"?>
<!-- Generated by org.testng.reporters.JUnitReportReporter -->
<testsuite skipped="0" hostname="QTLSYS2-167" name="pack.AA_OH_ILP_Prod" tests="2" failures="0" timestamp="06 Aug 2019 08:27:56 GMT" time="1216.135" errors="0">
  <testcase name="LonI_IstInstPayment_ACTM_2ndInstDeposit_Verify_Record" time="655.077" classname="pack.AA_OH_ILP_Prod"/>
  <testcase name="LonI_IstInstPayment_ACTM_ACHRevoke_2ndInstDeposit_Verify_Record" time="561.058" classname="pack.AA_OH_ILP_Prod"/>
</testsuite> <!-- pack.AA_OH_ILP_Prod -->
