<?xml version="1.0" encoding="UTF-8"?>
<!-- Generated by org.testng.reporters.JUnitReportReporter -->
<testsuite skipped="0" hostname="QTLSYS0-167-pc" name="pack.AA_OH_ILP_Prod" tests="1" failures="0" timestamp="05 Sep 2019 09:16:10 GMT" time="193.075" errors="0">
  <testcase name="Loan_PaymentinCSRPortel" time="193.075" classname="pack.AA_OH_ILP_Prod"/>
</testsuite> <!-- pack.AA_OH_ILP_Prod -->
