<?xml version="1.0" encoding="UTF-8"?>
<!-- Generated by org.testng.reporters.JUnitReportReporter -->
<testsuite skipped="0" hostname="QTLSYS0-167-pc" name="pack.AA_FL_ILP_Smoke" tests="4" failures="0" timestamp="25 Sep 2019 10:24:06 GMT" time="3313.195" errors="0">
  <testcase name="LOAN_partialpayment_DLQ_Cure_DEF_PartialdefPayment_PPN_1payment_Void_PPNdefpayment_WO120_WOR" time="805.313" classname="pack.AA_FL_ILP_Smoke"/>
  <testcase name="LOAN_Payment_PBNK_Void_BNK_Dismiss_WOR" time="638.146" classname="pack.AA_FL_ILP_Smoke"/>
  <testcase name="LonI_1stInstDep_CLR_RTN_Cure_DEF_DFPpartialpymt_PPN_1stInstonduedate_Void_PPNDFLT_DFPfullpymt" time="1034.296" classname="pack.AA_FL_ILP_Smoke"/>
  <testcase name="LOAN_Deposit_CLR_Activemiltary_BNK_DEC_WOR" time="835.440" classname="pack.AA_FL_ILP_Smoke"/>
</testsuite> <!-- pack.AA_FL_ILP_Smoke -->
