<?xml version="1.0" encoding="UTF-8"?>
<!-- Generated by org.testng.reporters.JUnitReportReporter -->
<testsuite skipped="0" hostname="QTLSYS0-167-pc" name="pack.AA_OH_ILP" tests="1" failures="0" timestamp="14 Sep 2019 07:26:53 GMT" time="150.709" errors="0">
  <testcase name="Due_Date_verification" time="150.709" classname="pack.AA_OH_ILP"/>
</testsuite> <!-- pack.AA_OH_ILP -->
