<?xml version="1.0" encoding="UTF-8"?>
<!-- Generated by org.testng.reporters.JUnitReportReporter -->
<testsuite skipped="0" hostname="QTLSYS0-167-pc" name="pack.AA_FL_ILP_Smoke" tests="1" failures="0" timestamp="13 Aug 2019 07:43:49 GMT" time="1347.251" errors="0">
  <testcase name="LonI_1stInstDep_CLR_RTN_Cure_DEF_DFPpartialpymt_PPN_1stInstonduedate_Void_PPNDFLT_DFPfullpymt" time="1347.251" classname="pack.AA_FL_ILP_Smoke"/>
</testsuite> <!-- pack.AA_FL_ILP_Smoke -->
