<?xml version="1.0" encoding="UTF-8"?>
<!-- Generated by org.testng.reporters.JUnitReportReporter -->
<testsuite skipped="35" hostname="QTLSYS2-94" name="pack.AA_OH_ILP" tests="37" failures="0" timestamp="11 Jul 2019 06:23:16 GMT" time="0.701" errors="2">
  <testcase name="Login_Homescreen_Borrower_Registration_NewLoan_verify_" time="0.015" classname="pack.AA_OH_ILP">
    <error type="java.io.FileNotFoundException" message="C:\AA_Batch\AA_ILPnullAA_Login_Homescreen_Borrower_Registration_NewLoan_verify_TestData.xls (The system cannot find the file specified)">
      <![CDATA[java.io.FileNotFoundException: C:\AA_Batch\AA_ILPnullAA_Login_Homescreen_Borrower_Registration_NewLoan_verify_TestData.xls (The system cannot find the file specified)
at java.io.FileInputStream.open0(Native Method)
at java.io.FileInputStream.open(Unknown Source)
at java.io.FileInputStream.<init>(Unknown Source)
at java.io.FileInputStream.<init>(Unknown Source)
at pack.Excel.<init>(Excel.java:34)
at pack.AA_OH_ILP.Login_Homescreen_Borrower_Registration_NewLoan_verify_(AA_OH_ILP.java:100)
at sun.reflect.NativeMethodAccessorImpl.invoke0(Native Method)
at sun.reflect.NativeMethodAccessorImpl.invoke(Unknown Source)
at sun.reflect.DelegatingMethodAccessorImpl.invoke(Unknown Source)
at java.lang.reflect.Method.invoke(Unknown Source)
at org.testng.internal.MethodInvocationHelper.invokeMethod(MethodInvocationHelper.java:124)
at org.testng.internal.Invoker.invokeMethod(Invoker.java:583)
at org.testng.internal.Invoker.invokeTestMethod(Invoker.java:719)
at org.testng.internal.Invoker.invokeTestMethods(Invoker.java:989)
at org.testng.internal.TestMethodWorker.invokeTestMethods(TestMethodWorker.java:125)
at org.testng.internal.TestMethodWorker.run(TestMethodWorker.java:109)
at org.testng.TestRunner.privateRun(TestRunner.java:648)
at org.testng.TestRunner.run(TestRunner.java:505)
at org.testng.SuiteRunner.runTest(SuiteRunner.java:455)
at org.testng.SuiteRunner.runSequentially(SuiteRunner.java:450)
at org.testng.SuiteRunner.privateRun(SuiteRunner.java:415)
at org.testng.SuiteRunner.run(SuiteRunner.java:364)
at org.testng.SuiteRunnerWorker.runSuite(SuiteRunnerWorker.java:52)
at org.testng.SuiteRunnerWorker.run(SuiteRunnerWorker.java:84)
at org.testng.TestNG.runSuitesSequentially(TestNG.java:1208)
at org.testng.TestNG.runSuitesLocally(TestNG.java:1137)
at org.testng.TestNG.runSuites(TestNG.java:1049)
at org.testng.TestNG.run(TestNG.java:1017)
at org.testng.remote.AbstractRemoteTestNG.run(AbstractRemoteTestNG.java:114)
at org.testng.remote.RemoteTestNG.initAndRun(RemoteTestNG.java:251)
at org.testng.remote.RemoteTestNG.main(RemoteTestNG.java:77)
]]>
    </error>
  </testcase> <!-- Login_Homescreen_Borrower_Registration_NewLoan_verify_ -->
  <testcase name="getResult" time="0.016" classname="pack.AA_OH_ILP">
    <error type="java.lang.NullPointerException">
      <![CDATA[java.lang.NullPointerException
at pack.AA_OH_ILP.getResult(AA_OH_ILP.java:4811)
at sun.reflect.NativeMethodAccessorImpl.invoke0(Native Method)
at sun.reflect.NativeMethodAccessorImpl.invoke(Unknown Source)
at sun.reflect.DelegatingMethodAccessorImpl.invoke(Unknown Source)
at java.lang.reflect.Method.invoke(Unknown Source)
at org.testng.internal.MethodInvocationHelper.invokeMethod(MethodInvocationHelper.java:124)
at org.testng.internal.MethodInvocationHelper.invokeMethodConsideringTimeout(MethodInvocationHelper.java:59)
at org.testng.internal.Invoker.invokeConfigurationMethod(Invoker.java:458)
at org.testng.internal.Invoker.invokeConfigurations(Invoker.java:222)
at org.testng.internal.Invoker.invokeMethod(Invoker.java:646)
at org.testng.internal.Invoker.invokeTestMethod(Invoker.java:719)
at org.testng.internal.Invoker.invokeTestMethods(Invoker.java:989)
at org.testng.internal.TestMethodWorker.invokeTestMethods(TestMethodWorker.java:125)
at org.testng.internal.TestMethodWorker.run(TestMethodWorker.java:109)
at org.testng.TestRunner.privateRun(TestRunner.java:648)
at org.testng.TestRunner.run(TestRunner.java:505)
at org.testng.SuiteRunner.runTest(SuiteRunner.java:455)
at org.testng.SuiteRunner.runSequentially(SuiteRunner.java:450)
at org.testng.SuiteRunner.privateRun(SuiteRunner.java:415)
at org.testng.SuiteRunner.run(SuiteRunner.java:364)
at org.testng.SuiteRunnerWorker.runSuite(SuiteRunnerWorker.java:52)
at org.testng.SuiteRunnerWorker.run(SuiteRunnerWorker.java:84)
at org.testng.TestNG.runSuitesSequentially(TestNG.java:1208)
at org.testng.TestNG.runSuitesLocally(TestNG.java:1137)
at org.testng.TestNG.runSuites(TestNG.java:1049)
at org.testng.TestNG.run(TestNG.java:1017)
at org.testng.remote.AbstractRemoteTestNG.run(AbstractRemoteTestNG.java:114)
at org.testng.remote.RemoteTestNG.initAndRun(RemoteTestNG.java:251)
at org.testng.remote.RemoteTestNG.main(RemoteTestNG.java:77)
]]>
    </error>
  </testcase> <!-- getResult -->
  <testcase name="Login_Homescreen_Borrower_Registration_NewLoan_Monthly" time="0.015" classname="pack.AA_OH_ILP">
    <skipped/>
  </testcase> <!-- Login_Homescreen_Borrower_Registration_NewLoan_Monthly -->
  <testcase name="Login_Homescreen_Borrower_Registration_NewLoan_BiWeekly__" time="0.016" classname="pack.AA_OH_ILP">
    <skipped/>
  </testcase> <!-- Login_Homescreen_Borrower_Registration_NewLoan_BiWeekly__ -->
  <testcase name="Login_Homescreen_Borrower_Registration_NewLoan_Weekly_" time="0.012" classname="pack.AA_OH_ILP">
    <skipped/>
  </testcase> <!-- Login_Homescreen_Borrower_Registration_NewLoan_Weekly_ -->
  <testcase name="Login_Homescreen_Borrower_Registration_NewLoan_ACH_" time="0.014" classname="pack.AA_OH_ILP">
    <skipped/>
  </testcase> <!-- Login_Homescreen_Borrower_Registration_NewLoan_ACH_ -->
  <testcase name="Login_Homescreen_Borrower_Registration_NewLoan_MultiDisb_" time="0.016" classname="pack.AA_OH_ILP">
    <skipped/>
  </testcase> <!-- Login_Homescreen_Borrower_Registration_NewLoan_MultiDisb_ -->
  <testcase name="CO_ILP_NewLoanVoid" time="0.015" classname="pack.AA_OH_ILP">
    <skipped/>
  </testcase> <!-- CO_ILP_NewLoanVoid -->
  <testcase name="loan_VoidEncryption" time="0.011" classname="pack.AA_OH_ILP">
    <skipped/>
  </testcase> <!-- loan_VoidEncryption -->
  <testcase name="CO_ILP_NewLoanRescind" time="0.015" classname="pack.AA_OH_ILP">
    <skipped/>
  </testcase> <!-- CO_ILP_NewLoanRescind -->
  <testcase name="CO_ILP_MultipleDisbNewLoan_Void" time="0.018" classname="pack.AA_OH_ILP">
    <skipped/>
  </testcase> <!-- CO_ILP_MultipleDisbNewLoan_Void -->
  <testcase name="LonI_StoreDateafterRescindPeriod_Payment_selectpayanyotheramt_Pymtamtlessthan1stint" time="0.012" classname="pack.AA_OH_ILP">
    <skipped/>
  </testcase> <!-- LonI_StoreDateafterRescindPeriod_Payment_selectpayanyotheramt_Pymtamtlessthan1stint -->
  <testcase name="LonI_RunEODbatchon1Instduedate_Payment_PayPastDue_NextInstallment" time="0.015" classname="pack.AA_OH_ILP">
    <skipped/>
  </testcase> <!-- LonI_RunEODbatchon1Instduedate_Payment_PayPastDue_NextInstallment -->
  <testcase name="LonI_RunEODbatchon1Instduedate_AgainEODbatchfrom10thdayof1stInstduedate_Payment_Pastdue_1stInstamt" time="0.013" classname="pack.AA_OH_ILP">
    <skipped/>
  </testcase> <!-- LonI_RunEODbatchon1Instduedate_AgainEODbatchfrom10thdayof1stInstduedate_Payment_Pastdue_1stInstamt -->
  <testcase name="LonI_StoreDateafterRescindPeriod_Payment_selectpayanyotheramt_Pymtamtlessthan1stint_VoidPymt" time="0.016" classname="pack.AA_OH_ILP">
    <skipped/>
  </testcase> <!-- LonI_StoreDateafterRescindPeriod_Payment_selectpayanyotheramt_Pymtamtlessthan1stint_VoidPymt -->
  <testcase name="LonI_RunEODbatchon1Instduedate_Payment_PayPastDue_NextInstallment_VoidPymt" time="0.043" classname="pack.AA_OH_ILP">
    <skipped/>
  </testcase> <!-- LonI_RunEODbatchon1Instduedate_Payment_PayPastDue_NextInstallment_VoidPymt -->
  <testcase name="LonI_RunEODbatchon1Instduedate_AgainEODbatchfrom10thdayof1stInstduedate_Payment_Pastdue_1stInstamt_Void" time="0.013" classname="pack.AA_OH_ILP">
    <skipped/>
  </testcase> <!-- LonI_RunEODbatchon1Instduedate_AgainEODbatchfrom10thdayof1stInstduedate_Payment_Pastdue_1stInstamt_Void -->
  <testcase name="Loan_Deposit_Rtn_paymentLessthanLoanAmount" time="0.012" classname="pack.AA_OH_ILP">
    <skipped/>
  </testcase> <!-- Loan_Deposit_Rtn_paymentLessthanLoanAmount -->
  <testcase name="Loan_Deposit_Rtn_paymentGreaterthanLoanAmount" time="0.014" classname="pack.AA_OH_ILP">
    <skipped/>
  </testcase> <!-- Loan_Deposit_Rtn_paymentGreaterthanLoanAmount -->
  <testcase name="Loan_Deposit_RTN_EODBatchon10days_PaymentGeterthanLoanAmount" time="0.019" classname="pack.AA_OH_ILP">
    <skipped/>
  </testcase> <!-- Loan_Deposit_RTN_EODBatchon10days_PaymentGeterthanLoanAmount -->
  <testcase name="LonI_1stInstdeposit_return_Payment_lessthan1stInstamount_VoidPayment" time="0.011" classname="pack.AA_OH_ILP">
    <skipped/>
  </testcase> <!-- LonI_1stInstdeposit_return_Payment_lessthan1stInstamount_VoidPayment -->
  <testcase name="Loan_Deposit_Rtn_paymentLessthanLoanAmount_Void" time="0.145" classname="pack.AA_OH_ILP">
    <skipped/>
  </testcase> <!-- Loan_Deposit_Rtn_paymentLessthanLoanAmount_Void -->
  <testcase name="Loan_1stDep_Ret_EODBatch10daysDueDate_PmtGreaterthanInstAmt_Void_" time="0.015" classname="pack.AA_OH_ILP">
    <skipped/>
  </testcase> <!-- Loan_1stDep_Ret_EODBatch10daysDueDate_PmtGreaterthanInstAmt_Void_ -->
  <testcase name="Loan_Pmt1stInstdate_Pmt2ndInstdate_void_EODBatch10days2Inst_payoff_" time="0.013" classname="pack.AA_OH_ILP">
    <skipped/>
  </testcase> <!-- Loan_Pmt1stInstdate_Pmt2ndInstdate_void_EODBatch10days2Inst_payoff_ -->
  <testcase name="Loan_Deposit_Rtn_payoff" time="0.011" classname="pack.AA_OH_ILP">
    <skipped/>
  </testcase> <!-- Loan_Deposit_Rtn_payoff -->
  <testcase name="Loan_Deposit_Rtn_clear_2InstDeposit_Return_EODBatchprocess_payoff" time="0.011" classname="pack.AA_OH_ILP">
    <skipped/>
  </testcase> <!-- Loan_Deposit_Rtn_clear_2InstDeposit_Return_EODBatchprocess_payoff -->
  <testcase name="Loan_Deposit_Rtn_Payoff_Void" time="0.013" classname="pack.AA_OH_ILP">
    <skipped/>
  </testcase> <!-- Loan_Deposit_Rtn_Payoff_Void -->
  <testcase name="Loan_DepositACH_" time="0.011" classname="pack.AA_OH_ILP">
    <skipped/>
  </testcase> <!-- Loan_DepositACH_ -->
  <testcase name="Loan_1stInstpartialpayment_1stInstdeposit_" time="0.015" classname="pack.AA_OH_ILP">
    <skipped/>
  </testcase> <!-- Loan_1stInstpartialpayment_1stInstdeposit_ -->
  <testcase name="Loan_1stInstpaymentFullCash_1stInstdeposit_" time="0.013" classname="pack.AA_OH_ILP">
    <skipped/>
  </testcase> <!-- Loan_1stInstpaymentFullCash_1stInstdeposit_ -->
  <testcase name="AA_Loan_ACHRevoke_1stInsatallmentDeposit" time="0.018" classname="pack.AA_OH_ILP">
    <skipped/>
  </testcase> <!-- AA_Loan_ACHRevoke_1stInsatallmentDeposit -->
  <testcase name="AA_Loan_ACHRevoke_1stInsatallmentPayment_ACHAuthorization_2ndIsatallmentDeposit" time="0.018" classname="pack.AA_OH_ILP">
    <skipped/>
  </testcase> <!-- AA_Loan_ACHRevoke_1stInsatallmentPayment_ACHAuthorization_2ndIsatallmentDeposit -->
  <testcase name="CO_ILP_Loan_Instwisepayment_last_deposit" time="0.058" classname="pack.AA_OH_ILP">
    <skipped/>
  </testcase> <!-- CO_ILP_Loan_Instwisepayment_last_deposit -->
  <testcase name="Loan_1stInstDeposit_Rtn" time="0.013" classname="pack.AA_OH_ILP">
    <skipped/>
  </testcase> <!-- Loan_1stInstDeposit_Rtn -->
  <testcase name="Loan_1stParPmt_1stDep_Ret_" time="0.016" classname="pack.AA_OH_ILP">
    <skipped/>
  </testcase> <!-- Loan_1stParPmt_1stDep_Ret_ -->
  <testcase name="AA_Loan_ACHRevoke_1stInsatallmentDeposit_Clear" time="0.000" classname="pack.AA_OH_ILP">
    <skipped/>
  </testcase> <!-- AA_Loan_ACHRevoke_1stInsatallmentDeposit_Clear -->
  <testcase name="Login_Homescreen_Borrower_Registration_NewLoan_SemiMonthly" time="0.000" classname="pack.AA_OH_ILP">
    <skipped/>
  </testcase> <!-- Login_Homescreen_Borrower_Registration_NewLoan_SemiMonthly -->
</testsuite> <!-- pack.AA_OH_ILP -->
