<?xml version="1.0" encoding="UTF-8"?>
<!-- Generated by org.testng.reporters.JUnitReportReporter -->
<testsuite skipped="0" hostname="Automation-PC" name="pack.AA_OH_ILP_Smoke_Prod" tests="1" failures="0" timestamp="21 Aug 2019 09:23:34 GMT" time="803.161" errors="0">
  <testcase name="LOAN_partialpayment_DLQ_Cure_DEF_PartialdefPayment_PPN_1payment_Void_PPNdefpayment_WO120_WOR" time="803.161" classname="pack.AA_OH_ILP_Smoke_Prod"/>
</testsuite> <!-- pack.AA_OH_ILP_Smoke_Prod -->
