<?xml version="1.0" encoding="UTF-8"?>
<!-- Generated by org.testng.reporters.JUnitReportReporter -->
<testsuite skipped="0" hostname="QTLSYS0-167-pc" name="pack.AA_OH_ILP_Prod" tests="15" failures="0" timestamp="22 Aug 2019 08:56:21 GMT" time="8326.447" errors="0">
  <testcase name="DFLTLoan_EPPConvert_DepositAll_ClearAll_" time="1321.277" classname="pack.AA_OH_ILP_Prod"/>
  <testcase name="DFLTLoan_EPPConvert_PpayAllInst_VoidLastInst_" time="699.087" classname="pack.AA_OH_ILP_Prod"/>
  <testcase name="Pick_ILP_WriteoffLoan_ConvertEPP_PPayAllInstallementBeforeDueDate_Void" time="731.962" classname="pack.AA_OH_ILP_Prod"/>
  <testcase name="LonI_WO_PPN_1stInstpymt_VoidPymt_RunEODbatch35daysfromduedate" time="622.436" classname="pack.AA_OH_ILP_Prod"/>
  <testcase name="Loan_Bankrupt_Void_" time="353.068" classname="pack.AA_OH_ILP_Prod"/>
  <testcase name="CO_ILP_Loan_first_payment_BNK_Second_deposit" time="584.536" classname="pack.AA_OH_ILP_Prod"/>
  <testcase name="LonI_Bnkrupt_Dismissed" time="443.401" classname="pack.AA_OH_ILP_Prod"/>
  <testcase name="LonI_Bnkrupt_Deceased" time="457.181" classname="pack.AA_OH_ILP_Prod"/>
  <testcase name="LonI_Bnkrupt_Discharge" time="425.921" classname="pack.AA_OH_ILP_Prod"/>
  <testcase name="LonI_Deceased" time="284.653" classname="pack.AA_OH_ILP_Prod"/>
  <testcase name="LonI_DFLT_PPN_BNK_1InstDeposit" time="829.286" classname="pack.AA_OH_ILP_Prod"/>
  <testcase name="Loan_1stpayment_activemilitary_2ndpayment_" time="299.648" classname="pack.AA_OH_ILP_Prod"/>
  <testcase name="BorrowerRegistration_ActiveMilitary_NewLoanNotProcessed_" time="78.374" classname="pack.AA_OH_ILP_Prod"/>
  <testcase name="LonI_IstInstPayment_ACTM_2ndInstDeposit_Verify_Record" time="619.910" classname="pack.AA_OH_ILP_Prod"/>
  <testcase name="LonI_IstInstPayment_ACTM_ACHRevoke_2ndInstDeposit_Verify_Record" time="575.707" classname="pack.AA_OH_ILP_Prod"/>
</testsuite> <!-- pack.AA_OH_ILP_Prod -->
