<?xml version="1.0" encoding="UTF-8"?>
<!-- Generated by org.testng.reporters.JUnitReportReporter -->
<testsuite skipped="0" hostname="qtlsys2-17" name="pack.AA_TN_PDL" tests="1" failures="0" timestamp="28 Aug 2019 07:52:10 GMT" time="255.725" errors="0">
  <testcase name="Advance_deposit_ACHPPwith2tendertypessMOwithsamenumbers_Transactionnotprocessed" time="255.725" classname="pack.AA_TN_PDL"/>
</testsuite> <!-- pack.AA_TN_PDL -->
