<?xml version="1.0" encoding="UTF-8"?>
<!-- Generated by org.testng.reporters.JUnitReportReporter -->
<testsuite skipped="0" hostname="QTLSYS0-167-pc" name="pack.AA_TN_PDL" tests="1" failures="0" timestamp="16 Sep 2019 13:10:26 GMT" time="241.120" errors="0">
  <testcase name="NewLoan_Deposit_Clear_prepayment_clear_refund_check" time="241.120" classname="pack.AA_TN_PDL"/>
</testsuite> <!-- pack.AA_TN_PDL -->
