<?xml version="1.0" encoding="UTF-8"?>
<!-- Generated by org.testng.reporters.JUnitReportReporter -->
<testsuite skipped="0" hostname="QTLSYS0-167-pc" name="pack.AA_FL_PDL" tests="1" failures="0" timestamp="25 Sep 2019 07:02:26 GMT" time="287.245" errors="0">
  <testcase name="ACH_return_payment" time="287.245" classname="pack.AA_FL_PDL"/>
</testsuite> <!-- pack.AA_FL_PDL -->
